09:26:47.096 karate.env system property was:  
09:26:48.238 [print] [
  {
    "gender": "Male",
    "phone": 231241212412,
    "name": "Karate Master",
    "id": 632
  },
  {
    "gender": "Male",
    "phone": 1231231231,
    "name": "Karate Master",
    "id": 636
  },
  {
    "gender": "Male",
    "phone": 231241212412,
    "name": "Karate Master",
    "id": 633
  },
  {
    "gender": "Male",
    "phone": 231241212412,
    "name": "Karate Master",
    "id": 638
  },
  {
    "gender": "Male",
    "phone": 231241212412,
    "name": "Karate Master",
    "id": 640
  },
  {
    "gender": "Male",
    "phone": 231241212412,
    "name": "Karate Master",
    "id": 646
  },
  {
    "gender": "Male",
    "phone": 231241212412,
    "name": "Karate Master",
    "id": 644
  },
  {
    "gender": "Male",
    "phone": 231241212412,
    "name": "Karate Master",
    "id": 642
  },
  {
    "gender": "Male",
    "phone": 12347890423,
    "name": "Karate Master",
    "id": 648
  },
  {
    "gender": "Male",
    "phone": 231241212412,
    "name": "Karate Master",
    "id": 655
  },
  {
    "gender": "Male",
    "phone": 231241212412,
    "name": "Karate Master",
    "id": 652
  },
  {
    "gender": "Male",
    "phone": 231241212412,
    "name": "Karate Master",
    "id": 650
  },
  {
    "gender": "Male",
    "phone": 2324993990033,
    "name": "Aidar",
    "id": 659
  },
  {
    "gender": "Male",
    "phone": 121314151617,
    "name": "Karate King",
    "id": 664
  },
  {
    "gender": "Male",
    "phone": 2324993990033,
    "name": "Aidar",
    "id": 668
  },
  {
    "gender": "Female",
    "phone": 1234567892,
    "name": "Karate Women",
    "id": 662
  },
  {
    "gender": "Female",
    "phone": 234234234234,
    "name": "Dior",
    "id": 665
  },
  {
    "gender": "Male",
    "phone": 231241212412,
    "name": "Karate Master",
    "id": 672
  },
  {
    "gender": "Male",
    "phone": 231241212412,
    "name": "Karate Master",
    "id": 669
  },
  {
    "gender": "Male",
    "phone": 234512312412,
    "name": "Karate Master",
    "id": 677
  },
  {
    "gender": "Male",
    "phone": 12347890423,
    "name": "Karate Master",
    "id": 674
  },
  {
    "gender": "Male",
    "phone": 231241212412,
    "name": "Karate Master",
    "id": 695
  },
  {
    "gender": "Male",
    "phone": 2324993990033,
    "name": "Aidar",
    "id": 685
  },
  {
    "gender": "Male",
    "phone": 231241212412,
    "name": "Karate Master",
    "id": 679
  },
  {
    "gender": "Male",
    "phone": 231241212412,
    "name": "Karate Master",
    "id": 693
  },
  {
    "gender": "Male",
    "phone": 231241212412,
    "name": "Karate Master",
    "id": 688
  },
  {
    "gender": "Male",
    "phone": 231241212412,
    "name": "Karate Master",
    "id": 706
  },
  {
    "gender": "Male",
    "phone": 231241212412,
    "name": "Karate Master",
    "id": 699
  },
  {
    "gender": "Male",
    "phone": 231241212412,
    "name": "Karate Master",
    "id": 704
  },
  {
    "gender": "Female",
    "phone": 231241212412,
    "name": "Busra",
    "id": 702
  },
  {
    "gender": "Female",
    "phone": 231241212412,
    "name": "Busra",
    "id": 710
  },
  {
    "gender": "Male",
    "phone": 234512312412,
    "name": "Karate Master",
    "id": 707
  },
  {
    "gender": "Male",
    "phone": 231241212412,
    "name": "Karate Master",
    "id": 712
  },
  {
    "gender": "Male",
    "phone": 231241212412,
    "name": "Karate Master",
    "id": 716
  },
  {
    "gender": "Male",
    "phone": 231241212412,
    "name": "Karate Master",
    "id": 736
  },
  {
    "gender": "Male",
    "phone": 3455453523523,
    "name": "Vasilius",
    "id": 714
  },
  {
    "gender": "Male",
    "phone": 231241212412,
    "name": "Karate Master",
    "id": 718
  },
  {
    "gender": "Male",
    "phone": 231241212412,
    "name": "Karate Master",
    "id": 719
  },
  {
    "gender": "Male",
    "phone": 231241212412,
    "name": "Karate Master",
    "id": 721
  },
  {
    "gender": "Male",
    "phone": 2324993990033,
    "name": "Aidar",
    "id": 724
  },
  {
    "gender": "Female",
    "phone": 231241212412,
    "name": "Cemile",
    "id": 725
  },
  {
    "gender": "Female",
    "phone": 234234234234,
    "name": "Dior",
    "id": 728
  },
  {
    "gender": "Male",
    "phone": 1234567898,
    "name": "Karate Master",
    "id": 730
  },
  {
    "gender": "Male",
    "phone": 231241212412,
    "name": "Karate Master",
    "id": 734
  },
  {
    "gender": "Male",
    "phone": 231241212412,
    "name": "Karate Master",
    "id": 739
  },
  {
    "gender": "Male",
    "phone": 12347890423,
    "name": "Karate Master",
    "id": 738
  },
  {
    "gender": "Male",
    "phone": 231241212412,
    "name": "Karate Master",
    "id": 748
  },
  {
    "gender": "Male",
    "phone": 231241212412,
    "name": "Karate Master",
    "id": 746
  },
  {
    "gender": "Male",
    "phone": 231241212412,
    "name": "Karate Master",
    "id": 754
  },
  {
    "gender": "Male",
    "phone": 231241212412,
    "name": "Karate Master",
    "id": 756
  },
  {
    "gender": "Male",
    "phone": 231241212412,
    "name": "Karate Master",
    "id": 767
  },
  {
    "gender": "Male",
    "phone": 234512312412,
    "name": "Karate Master",
    "id": 758
  },
  {
    "gender": "Male",
    "phone": 121314151617,
    "name": "Karate King",
    "id": 763
  },
  {
    "gender": "Male",
    "phone": 1234567898,
    "name": "Karate Master",
    "id": 764
  },
  {
    "gender": "Male",
    "phone": 234512312412,
    "name": "Karate Master",
    "id": 768
  },
  {
    "gender": "Male",
    "phone": 121314151617,
    "name": "Karate King",
    "id": 778
  },
  {
    "gender": "Male",
    "phone": 1231231231,
    "name": "Carl",
    "id": 775
  },
  {
    "gender": "Male",
    "phone": 12347890423,
    "name": "Karate Master",
    "id": 782
  },
  {
    "gender": "Male",
    "phone": 231241212412,
    "name": "Karate Master",
    "id": 786
  },
  {
    "gender": "Male",
    "phone": 231241212412,
    "name": "Karate Master",
    "id": 783
  },
  {
    "gender": "Male",
    "phone": 234512312412,
    "name": "Karate Master",
    "id": 791
  },
  {
    "gender": "Male",
    "phone": 231241212412,
    "name": "Karate Master",
    "id": 792
  },
  {
    "gender": "Male",
    "phone": 231241212412,
    "name": "Karate Master",
    "id": 798
  },
  {
    "gender": "Male",
    "phone": 234512312412,
    "name": "Karate Master",
    "id": 802
  },
  {
    "gender": "Male",
    "phone": 12347890423,
    "name": "Karate Master",
    "id": 805
  },
  {
    "gender": "Female",
    "phone": 234234234234,
    "name": "Dior",
    "id": 806
  },
  {
    "gender": "Female",
    "phone": 234512312412,
    "name": "Karate Master",
    "id": 393
  },
  {
    "gender": "Male",
    "phone": 234512312412,
    "name": "Karate Master",
    "id": 262
  },
  {
    "gender": "Male",
    "phone": 234512312412,
    "name": "Karate Master",
    "id": 394
  },
  {
    "gender": "Female",
    "phone": 3786741487,
    "name": "John ABC",
    "id": 4
  },
  {
    "gender": "Male",
    "phone": 234512312412,
    "name": "Karate Aidar",
    "id": 253
  },
  {
    "gender": "Male",
    "phone": 2227140732,
    "name": "Tedmund",
    "id": 6
  },
  {
    "gender": "Male",
    "phone": 5278678322,
    "name": "Hershel",
    "id": 7
  },
  {
    "gender": "Male",
    "phone": 9601637574,
    "name": "Rodolfo",
    "id": 8
  },
  {
    "gender": "Male",
    "phone": 1234567898,
    "name": "Karate Master",
    "id": 864
  },
  {
    "gender": "Female",
    "phone": 3312820936,
    "name": "Lorenza",
    "id": 10
  },
  {
    "gender": "Male",
    "phone": 234512312412,
    "name": "Karate Master",
    "id": 261
  },
  {
    "gender": "Male",
    "phone": 7006438852,
    "name": "Sol",
    "id": 12
  },
  {
    "gender": "Female",
    "phone": 7842554879,
    "name": "Jaimie",
    "id": 13
  },
  {
    "gender": "Male",
    "phone": 1065669615,
    "name": "Grenville",
    "id": 14
  },
  {
    "gender": "Male",
    "phone": 234512312412,
    "name": "Karate Master",
    "id": 433
  },
  {
    "gender": "Male",
    "phone": 9714460354,
    "name": "Sinclair",
    "id": 16
  },
  {
    "gender": "Male",
    "phone": 4978976378,
    "name": "Wash",
    "id": 17
  },
  {
    "gender": "Male",
    "phone": 8716150217,
    "name": "Allen",
    "id": 18
  },
  {
    "gender": "Female",
    "phone": 7662992732,
    "name": "Bunnie",
    "id": 19
  },
  {
    "gender": "Male",
    "phone": 7551551687,
    "name": "Lothario",
    "id": 20
  },
  {
    "gender": "Male",
    "phone": 1852873386,
    "name": "Mark",
    "id": 21
  },
  {
    "gender": "Male",
    "phone": 8451740840,
    "name": "Koenraad",
    "id": 22
  },
  {
    "gender": "Male",
    "phone": 9098436816,
    "name": "Mervin",
    "id": 23
  },
  {
    "gender": "Male",
    "phone": 9393139934,
    "name": "Julio",
    "id": 24
  },
  {
    "gender": "Male",
    "phone": 1536037088,
    "name": "Valentin",
    "id": 25
  },
  {
    "gender": "Female",
    "phone": 7823876031,
    "name": "Correy",
    "id": 26
  },
  {
    "gender": "Female",
    "phone": 6662999903,
    "name": "Jeanelle",
    "id": 27
  },
  {
    "gender": "Male",
    "phone": 7411659821,
    "name": "Woodrow",
    "id": 28
  },
  {
    "gender": "Female",
    "phone": 6687391932,
    "name": "Dorelle",
    "id": 29
  },
  {
    "gender": "Female",
    "phone": 8916944276,
    "name": "Melania",
    "id": 30
  },
  {
    "gender": "Female",
    "phone": 2018031787,
    "name": "Maressa",
    "id": 31
  },
  {
    "gender": "Female",
    "phone": 9545879168,
    "name": "Tessie",
    "id": 32
  },
  {
    "gender": "Male",
    "phone": 2877865902,
    "name": "Wilek",
    "id": 33
  },
  {
    "gender": "Male",
    "phone": 234512312412,
    "name": "Karate Master",
    "id": 404
  },
  {
    "gender": "Male",
    "phone": 3751113352,
    "name": "Gardiner",
    "id": 35
  },
  {
    "gender": "Male",
    "phone": 9853891474,
    "name": "Sylas",
    "id": 36
  },
  {
    "gender": "Male",
    "phone": 1075127669,
    "name": "Grannie",
    "id": 37
  },
  {
    "gender": "Male",
    "phone": 9614487605,
    "name": "Juan",
    "id": 38
  },
  {
    "gender": "Female",
    "phone": 1362642898,
    "name": "Eveleen",
    "id": 39
  },
  {
    "gender": "Female",
    "phone": 4507606768,
    "name": "Druci",
    "id": 40
  },
  {
    "gender": "Female",
    "phone": 6721964988,
    "name": "Rosy",
    "id": 41
  },
  {
    "gender": "Female",
    "phone": 4579688654,
    "name": "Atlante",
    "id": 42
  },
  {
    "gender": "Male",
    "phone": 8833893900,
    "name": "Reid",
    "id": 43
  },
  {
    "gender": "Male",
    "phone": 7486765293,
    "name": "Panchito",
    "id": 44
  },
  {
    "gender": "Female",
    "phone": 1271425843,
    "name": "Heddie",
    "id": 45
  },
  {
    "gender": "Female",
    "phone": 4115324496,
    "name": "Delora",
    "id": 46
  },
  {
    "gender": "Male",
    "phone": 3952704485,
    "name": "Domenic",
    "id": 47
  },
  {
    "gender": "Male",
    "phone": 234512312412,
    "name": "Karate Master",
    "id": 425
  },
  {
    "gender": "Male",
    "phone": 3623233145,
    "name": "Reinaldo",
    "id": 49
  },
  {
    "gender": "Female",
    "phone": 6986436734,
    "name": "Jennica",
    "id": 50
  },
  {
    "gender": "Male",
    "phone": 8444611168,
    "name": "Padriac",
    "id": 51
  },
  {
    "gender": "Male",
    "phone": 5654109704,
    "name": "Tome",
    "id": 52
  },
  {
    "gender": "Female",
    "phone": 2072918455,
    "name": "Berna",
    "id": 53
  },
  {
    "gender": "Male",
    "phone": 9831834168,
    "name": "Bevon",
    "id": 54
  },
  {
    "gender": "Female",
    "phone": 5052029186,
    "name": "Karmen",
    "id": 55
  },
  {
    "gender": "Male",
    "phone": 5733729948,
    "name": "Ewan",
    "id": 56
  },
  {
    "gender": "Female",
    "phone": 5712679899,
    "name": "Freida",
    "id": 57
  },
  {
    "gender": "Female",
    "phone": 6529078662,
    "name": "Alfy",
    "id": 58
  },
  {
    "gender": "Male",
    "phone": 8775768925,
    "name": "Mickey",
    "id": 59
  },
  {
    "gender": "Female",
    "phone": 8165224005,
    "name": "Elisabeth",
    "id": 60
  },
  {
    "gender": "Male",
    "phone": 5709633007,
    "name": "Earlie",
    "id": 61
  },
  {
    "gender": "Female",
    "phone": 3542611707,
    "name": "Robinia",
    "id": 62
  },
  {
    "gender": "Male",
    "phone": 1782167106,
    "name": "Clayton",
    "id": 63
  },
  {
    "gender": "Male",
    "phone": 6744135688,
    "name": "Putnam",
    "id": 64
  },
  {
    "gender": "Male",
    "phone": 8566508311,
    "name": "Sean",
    "id": 65
  },
  {
    "gender": "Male",
    "phone": 3159018391,
    "name": "Quentin",
    "id": 66
  },
  {
    "gender": "Female",
    "phone": 9887020445,
    "name": "Janette",
    "id": 67
  },
  {
    "gender": "Female",
    "phone": 5361981152,
    "name": "Adda",
    "id": 68
  },
  {
    "gender": "Female",
    "phone": 3161765672,
    "name": "Elinor",
    "id": 69
  },
  {
    "gender": "Male",
    "phone": 1259516767,
    "name": "Abbey",
    "id": 70
  },
  {
    "gender": "Female",
    "phone": 9614634242,
    "name": "Collen",
    "id": 71
  },
  {
    "gender": "Male",
    "phone": 7485352272,
    "name": "Orion",
    "id": 72
  },
  {
    "gender": "Female",
    "phone": 2663607211,
    "name": "Amalita",
    "id": 73
  },
  {
    "gender": "Male",
    "phone": 9537864587,
    "name": "Chen",
    "id": 74
  },
  {
    "gender": "Female",
    "phone": 9672110769,
    "name": "Leland",
    "id": 75
  },
  {
    "gender": "Male",
    "phone": 4541117370,
    "name": "Arnie",
    "id": 76
  },
  {
    "gender": "Female",
    "phone": 1459126818,
    "name": "Stevana",
    "id": 77
  },
  {
    "gender": "Male",
    "phone": 1853354209,
    "name": "Cob",
    "id": 78
  },
  {
    "gender": "Female",
    "phone": 2277085963,
    "name": "Philis",
    "id": 79
  },
  {
    "gender": "Female",
    "phone": 9594130239,
    "name": "Georgianne",
    "id": 81
  },
  {
    "gender": "Female",
    "phone": 4758237746,
    "name": "Catie",
    "id": 82
  },
  {
    "gender": "Male",
    "phone": 7647130621,
    "name": "Franky",
    "id": 83
  },
  {
    "gender": "Male",
    "phone": 2673833440,
    "name": "Saw",
    "id": 84
  },
  {
    "gender": "Male",
    "phone": 6835038785,
    "name": "Ingamar",
    "id": 85
  },
  {
    "gender": "Female",
    "phone": 2655095364,
    "name": "Brook",
    "id": 86
  },
  {
    "gender": "Female",
    "phone": 6475942543,
    "name": "Fenelia",
    "id": 87
  },
  {
    "gender": "Male",
    "phone": 1279288759,
    "name": "Julie",
    "id": 88
  },
  {
    "gender": "Male",
    "phone": 8055782975,
    "name": "Adan",
    "id": 89
  },
  {
    "gender": "Female",
    "phone": 7338210388,
    "name": "Jaquenetta",
    "id": 91
  },
  {
    "gender": "Female",
    "phone": 6911121800,
    "name": "Caitlin",
    "id": 92
  },
  {
    "gender": "Female",
    "phone": 9289012086,
    "name": "Chanda",
    "id": 93
  },
  {
    "gender": "Female",
    "phone": 6385380284,
    "name": "Marylee",
    "id": 94
  },
  {
    "gender": "Female",
    "phone": 5986446659,
    "name": "Lilias",
    "id": 95
  },
  {
    "gender": "Male",
    "phone": 1788387111,
    "name": "Abie",
    "id": 96
  },
  {
    "gender": "Male",
    "phone": 6586151920,
    "name": "Saleem",
    "id": 97
  },
  {
    "gender": "Female",
    "phone": 1042902741,
    "name": "Elita",
    "id": 98
  },
  {
    "gender": "Male",
    "phone": 1234567898,
    "name": "Karate Master",
    "id": 858
  },
  {
    "gender": "Male",
    "phone": 1311814806,
    "name": "Terence",
    "id": 100
  },
  {
    "gender": "Female",
    "phone": 123112312312,
    "name": "Olya",
    "id": 116
  },
  {
    "gender": "Male",
    "phone": 1234567891270,
    "name": "Mustafa",
    "id": 117
  },
  {
    "gender": "Male",
    "phone": 234512312412,
    "name": "Karate Master",
    "id": 268
  },
  {
    "gender": "Male",
    "phone": 234512312412,
    "name": "Nese Seyma",
    "id": 256
  },
  {
    "gender": "Male",
    "phone": 234512312412,
    "name": "Karate Master",
    "id": 257
  },
  {
    "gender": "Male",
    "phone": 234512312412,
    "name": "Karate Master",
    "id": 258
  },
  {
    "gender": "Male",
    "phone": 234512312412,
    "name": "Karate Master",
    "id": 259
  },
  {
    "gender": "Male",
    "phone": 234512312412,
    "name": "Karate Master",
    "id": 260
  },
  {
    "gender": "Male",
    "phone": 234512312412,
    "name": "Karate Master",
    "id": 283
  },
  {
    "gender": "Male",
    "phone": 234512312412,
    "name": "Karate Master",
    "id": 267
  },
  {
    "gender": "Male",
    "phone": 234512312412,
    "name": "Karate Master",
    "id": 269
  },
  {
    "gender": "Male",
    "phone": 234512312412,
    "name": "Karate Master",
    "id": 270
  },
  {
    "gender": "Male",
    "phone": 234512312412,
    "name": "Karate Master",
    "id": 271
  },
  {
    "gender": "Male",
    "phone": 234512312412,
    "name": "Karate Master",
    "id": 272
  },
  {
    "gender": "Male",
    "phone": 234512312412,
    "name": "Karate Master",
    "id": 273
  },
  {
    "gender": "Male",
    "phone": 234512312412,
    "name": "Karate Master",
    "id": 274
  },
  {
    "gender": "Male",
    "phone": 234512312412,
    "name": "Karate Master",
    "id": 275
  },
  {
    "gender": "Male",
    "phone": 234512312412,
    "name": "Karate Master",
    "id": 276
  },
  {
    "gender": "Male",
    "phone": 234512312412,
    "name": "Karate Master",
    "id": 277
  },
  {
    "gender": "Male",
    "phone": 234512312412,
    "name": "Karate Master",
    "id": 278
  },
  {
    "gender": "Male",
    "phone": 234512312412,
    "name": "Karate Master",
    "id": 279
  },
  {
    "gender": "Male",
    "phone": 1234567890,
    "name": "Karate Master",
    "id": 280
  },
  {
    "gender": "Male",
    "phone": 234512312412,
    "name": "Karate Master",
    "id": 281
  },
  {
    "gender": "Male",
    "phone": 234512312412,
    "name": "Karate Master",
    "id": 282
  },
  {
    "gender": "Male",
    "phone": 234512312412,
    "name": "Karate Master",
    "id": 449
  },
  {
    "gender": "Male",
    "phone": 234512312412,
    "name": "Karate Master X",
    "id": 451
  },
  {
    "gender": "Male",
    "phone": 234512312412,
    "name": "Karate Master",
    "id": 450
  },
  {
    "gender": "Male",
    "phone": 234512312412,
    "name": "Karate Master",
    "id": 454
  },
  {
    "gender": "Male",
    "phone": 231241212412,
    "name": "Karate Master",
    "id": 857
  },
  {
    "gender": "Male",
    "phone": 231241212412,
    "name": "Karate Master",
    "id": 871
  },
  {
    "gender": "Male",
    "phone": 231241212412,
    "name": "Karate Master",
    "id": 867
  },
  {
    "gender": "Male",
    "phone": 231241212412,
    "name": "Karate Master",
    "id": 903
  },
  {
    "gender": "Male",
    "phone": 231241212412,
    "name": "Karate Master",
    "id": 909
  },
  {
    "gender": "Male",
    "phone": 231241212412,
    "name": "Karate Master",
    "id": 905
  },
  {
    "gender": "Male",
    "phone": 231241212412,
    "name": "Karate Master",
    "id": 907
  },
  {
    "gender": "Male",
    "phone": 231241212412,
    "name": "Karate Master",
    "id": 911
  },
  {
    "gender": "Male",
    "phone": 231241212412,
    "name": "Karate Master",
    "id": 913
  },
  {
    "gender": "Male",
    "phone": 231241212412,
    "name": "Karate Master",
    "id": 915
  },
  {
    "gender": "Male",
    "phone": 231241212412,
    "name": "Karate Master",
    "id": 917
  },
  {
    "gender": "Male",
    "phone": 231241212412,
    "name": "Karate Master",
    "id": 919
  },
  {
    "gender": "Male",
    "phone": 234512312412,
    "name": "Karate Master",
    "id": 244
  },
  {
    "gender": "Female",
    "phone": 11145688899,
    "name": "Elizabeth",
    "id": 236
  },
  {
    "gender": "Male",
    "phone": 234512312412,
    "name": "Karate Master",
    "id": 241
  },
  {
    "gender": "Male",
    "phone": 234512312412,
    "name": "Karate Master",
    "id": 284
  },
  {
    "gender": "Female",
    "phone": 234512312419,
    "name": "Karate Master",
    "id": 361
  },
  {
    "gender": "Male",
    "phone": 234512312412,
    "name": "Karate Master",
    "id": 359
  },
  {
    "gender": "Male",
    "phone": 2313445115,
    "name": "Karate Master",
    "id": 360
  },
  {
    "gender": "Male",
    "phone": 234512312412,
    "name": "Karate Master",
    "id": 367
  },
  {
    "gender": "Male",
    "phone": 234512312412,
    "name": "Karate Master",
    "id": 365
  },
  {
    "gender": "Female",
    "phone": 234512312419,
    "name": "Karate Master",
    "id": 369
  },
  {
    "gender": "Male",
    "phone": 231241212412,
    "name": "Karate Master",
    "id": 617
  },
  {
    "gender": "Male",
    "phone": 234512312412,
    "name": "Karate Master",
    "id": 374
  },
  {
    "gender": "Male",
    "phone": 234512312412,
    "name": "Karate Master",
    "id": 375
  },
  {
    "gender": "Male",
    "phone": 234512312412,
    "name": "Karate Master",
    "id": 389
  },
  {
    "gender": "Male",
    "phone": 121314151617,
    "name": "Karate King",
    "id": 605
  },
  {
    "gender": "Male",
    "phone": 231241212412,
    "name": "Karate Master",
    "id": 607
  },
  {
    "gender": "Female",
    "phone": 234234234234,
    "name": "Dior",
    "id": 625
  },
  {
    "gender": "Male",
    "phone": 234512312412,
    "name": "Karate Master",
    "id": 630
  },
  {
    "gender": "Male",
    "phone": 231241212412,
    "name": "Karate Master",
    "id": 657
  },
  {
    "gender": "Male",
    "phone": 2324993990033,
    "name": "Aidar",
    "id": 654
  },
  {
    "gender": "Female",
    "phone": 234512312412,
    "name": "Karate Master",
    "id": 675
  },
  {
    "gender": "Male",
    "phone": 121314151617,
    "name": "Karate King",
    "id": 681
  },
  {
    "gender": "Male",
    "phone": 231241212412,
    "name": "Karate Master",
    "id": 689
  },
  {
    "gender": "Male",
    "phone": 231241212412,
    "name": "Karate Master",
    "id": 682
  },
  {
    "gender": "Male",
    "phone": 231241212412,
    "name": "Karate Master",
    "id": 697
  },
  {
    "gender": "Male",
    "phone": 121314151617,
    "name": "Karate King",
    "id": 692
  },
  {
    "gender": "Male",
    "phone": 12347890423,
    "name": "Karate Master",
    "id": 751
  },
  {
    "gender": "Male",
    "phone": 231241212412,
    "name": "Karate Master",
    "id": 731
  },
  {
    "gender": "Male",
    "phone": 231241212412,
    "name": "Karate Master",
    "id": 733
  },
  {
    "gender": "Male",
    "phone": 231241212412,
    "name": "Karate Master",
    "id": 742
  },
  {
    "gender": "Male",
    "phone": 231241212412,
    "name": "Karate Master",
    "id": 750
  },
  {
    "gender": "Male",
    "phone": 1234567898,
    "name": "Karate Master",
    "id": 757
  },
  {
    "gender": "Male",
    "phone": 231241212412,
    "name": "Karate Master",
    "id": 759
  },
  {
    "gender": "Male",
    "phone": 231241212412,
    "name": "Karate Master",
    "id": 760
  },
  {
    "gender": "Male",
    "phone": 231241212412,
    "name": "Karate Master",
    "id": 780
  },
  {
    "gender": "Male",
    "phone": 231241212412,
    "name": "Karate Master",
    "id": 765
  },
  {
    "gender": "Female",
    "phone": 45521221212,
    "name": "Alex T",
    "id": 771
  },
  {
    "gender": "Male",
    "phone": 234512312412,
    "name": "Karate Master",
    "id": 774
  },
  {
    "gender": "Male",
    "phone": 1234567898,
    "name": "Karate Master",
    "id": 785
  },
  {
    "gender": "Male",
    "phone": 231241212412,
    "name": "Karate Master",
    "id": 790
  },
  {
    "gender": "Male",
    "phone": 231241212412,
    "name": "Karate Master",
    "id": 787
  },
  {
    "gender": "Female",
    "phone": 234234234234,
    "name": "Dior",
    "id": 794
  },
  {
    "gender": "Female",
    "phone": 45521221212,
    "name": "Alex T",
    "id": 796
  },
  {
    "gender": "Male",
    "phone": 1234567898,
    "name": "Karate Master",
    "id": 797
  },
  {
    "gender": "Male",
    "phone": 234512312412,
    "name": "Karate Master",
    "id": 799
  },
  {
    "gender": "Male",
    "phone": 231241212412,
    "name": "Karate Master",
    "id": 800
  },
  {
    "gender": "Male",
    "phone": 231241212412,
    "name": "Java Master",
    "id": 808
  },
  {
    "gender": "Male",
    "phone": 231241212412,
    "name": "Karate Master",
    "id": 810
  },
  {
    "gender": "Male",
    "phone": 231241212412,
    "name": "Karate Master",
    "id": 820
  },
  {
    "gender": "Male",
    "phone": 231241212412,
    "name": "Karate Master",
    "id": 813
  },
  {
    "gender": "Male",
    "phone": 231241212412,
    "name": "Karate Master",
    "id": 818
  },
  {
    "gender": "Male",
    "phone": 231241212412,
    "name": "Karate Master",
    "id": 816
  },
  {
    "gender": "Male",
    "phone": 231241212412,
    "name": "Karate Master",
    "id": 822
  },
  {
    "gender": "Female",
    "phone": 234234234234,
    "name": "Dior",
    "id": 824
  },
  {
    "gender": "Male",
    "phone": 231241212412,
    "name": "Karate Master",
    "id": 826
  },
  {
    "gender": "Male",
    "phone": 231241212412,
    "name": "Karate Master",
    "id": 828
  },
  {
    "gender": "Male",
    "phone": 231241212412,
    "name": "Karate Master",
    "id": 830
  },
  {
    "gender": "Male",
    "phone": 1234567898,
    "name": "Karate Master",
    "id": 829
  },
  {
    "gender": "Male",
    "phone": 231241212412,
    "name": "Karate Master",
    "id": 837
  },
  {
    "gender": "Male",
    "phone": 234512312412,
    "name": "Karate Master",
    "id": 832
  },
  {
    "gender": "Male",
    "phone": 231241212412,
    "name": "Karate Master",
    "id": 833
  },
  {
    "gender": "Female",
    "phone": 234234234234,
    "name": "Dior",
    "id": 835
  },
  {
    "gender": "Male",
    "phone": 231241212412,
    "name": "Karate Master",
    "id": 839
  },
  {
    "gender": "Male",
    "phone": 12347890423,
    "name": "Karate Master",
    "id": 841
  },
  {
    "gender": "Female",
    "phone": 234234234234,
    "name": "Dior",
    "id": 843
  },
  {
    "gender": "Male",
    "phone": 231241212412,
    "name": "Karate Master",
    "id": 845
  },
  {
    "gender": "Male",
    "phone": 231241212412,
    "name": "Karate Master",
    "id": 847
  },
  {
    "gender": "Male",
    "phone": 1234567898,
    "name": "Karate Master",
    "id": 846
  },
  {
    "gender": "Male",
    "phone": 231241212412,
    "name": "Karate Master",
    "id": 854
  },
  {
    "gender": "Male",
    "phone": 231241212412,
    "name": "Karate Master",
    "id": 849
  },
  {
    "gender": "Female",
    "phone": 234512312412,
    "name": "Karate Master",
    "id": 850
  },
  {
    "gender": "Male",
    "phone": 234512312412,
    "name": "Karate Master",
    "id": 852
  },
  {
    "gender": "Male",
    "phone": 12347890423,
    "name": "Karate Master",
    "id": 861
  },
  {
    "gender": "Male",
    "phone": 231241212412,
    "name": "Karate Master",
    "id": 855
  },
  {
    "gender": "Male",
    "phone": 231241212412,
    "name": "Karate Master",
    "id": 859
  },
  {
    "gender": "Male",
    "phone": 231241212412,
    "name": "Karate Master",
    "id": 865
  },
  {
    "gender": "Male",
    "phone": 231241212412,
    "name": "Karate Master",
    "id": 863
  },
  {
    "gender": "Male",
    "phone": 2324993990033,
    "name": "Aidar",
    "id": 869
  },
  {
    "gender": "Male",
    "phone": 2324993990033,
    "name": "Aidar",
    "id": 873
  },
  {
    "gender": "Male",
    "phone": 1234567898,
    "name": "Karate Master",
    "id": 876
  },
  {
    "gender": "Male",
    "phone": 231241212412,
    "name": "Karate Master",
    "id": 875
  },
  {
    "gender": "Male",
    "phone": 231241212412,
    "name": "Karate Master",
    "id": 877
  },
  {
    "gender": "Male",
    "phone": 231241212412,
    "name": "Karate Master",
    "id": 881
  },
  {
    "gender": "Male",
    "phone": 231241212412,
    "name": "Karate Master",
    "id": 879
  },
  {
    "gender": "Male",
    "phone": 12347890423,
    "name": "Karate Master",
    "id": 883
  },
  {
    "gender": "Male",
    "phone": 2324993990033,
    "name": "Aidar",
    "id": 886
  },
  {
    "gender": "Male",
    "phone": 234512312412,
    "name": "Karate Master",
    "id": 889
  },
  {
    "gender": "Male",
    "phone": 231241212412,
    "name": "Karate Master",
    "id": 887
  },
  {
    "gender": "Male",
    "phone": 231241212412,
    "name": "Karate Master",
    "id": 891
  },
  {
    "gender": "Male",
    "phone": 231241212412,
    "name": "Karate Master",
    "id": 893
  },
  {
    "gender": "Male",
    "phone": 234512312412,
    "name": "Karate Master",
    "id": 892
  },
  {
    "gender": "Male",
    "phone": 1234567898,
    "name": "Karate Master",
    "id": 897
  },
  {
    "gender": "Female",
    "phone": 234234234234,
    "name": "Dior",
    "id": 895
  },
  {
    "gender": "Male",
    "phone": 2312412124,
    "name": "Karate Master",
    "id": 899
  },
  {
    "gender": "Male",
    "phone": 231241212412,
    "name": "Karate Master",
    "id": 898
  },
  {
    "gender": "Male",
    "phone": 231241212412,
    "name": "Karate Master",
    "id": 901
  },
  {
    "gender": "Male",
    "phone": 231241212412,
    "name": "Karate Master",
    "id": 922
  },
  {
    "gender": "Male",
    "phone": 231241212412,
    "name": "Karate Master",
    "id": 923
  },
  {
    "gender": "Male",
    "phone": 231241212412,
    "name": "Karate Master",
    "id": 927
  },
  {
    "gender": "Male",
    "phone": 231241212412,
    "name": "Java Master",
    "id": 925
  },
  {
    "gender": "Male",
    "phone": 231241212412,
    "name": "Karate Master",
    "id": 929
  },
  {
    "gender": "Male",
    "phone": 231241212412,
    "name": "Karate Master",
    "id": 931
  },
  {
    "gender": "Male",
    "phone": 234512312412,
    "name": "Karate Master",
    "id": 930
  },
  {
    "gender": "Male",
    "phone": 2324993990033,
    "name": "Aidar",
    "id": 935
  },
  {
    "gender": "Female",
    "phone": 234234234234,
    "name": "Dior",
    "id": 933
  },
  {
    "gender": "Male",
    "phone": 2312412124,
    "name": "Karate Master",
    "id": 937
  },
  {
    "gender": "Male",
    "phone": 1234567898,
    "name": "Karate Master",
    "id": 936
  },
  {
    "gender": "Male",
    "phone": 231241212412,
    "name": "Karate Master",
    "id": 941
  },
  {
    "gender": "Female",
    "phone": 234234234234,
    "name": "Dior",
    "id": 939
  },
  {
    "gender": "Male",
    "phone": 231241212412,
    "name": "Karate Master",
    "id": 943
  },
  {
    "gender": "Male",
    "phone": 2324993990033,
    "name": "Aidar",
    "id": 945
  },
  {
    "gender": "Male",
    "phone": 231241212412,
    "name": "Karate Master",
    "id": 947
  },
  {
    "gender": "Male",
    "phone": 231241212412,
    "name": "Karate Master",
    "id": 949
  },
  {
    "gender": "Male",
    "phone": 3584128233,
    "name": "Ali",
    "id": 101
  },
  {
    "gender": "Female",
    "phone": 5134529856,
    "name": "Elsa",
    "id": 107
  },
  {
    "gender": "Male",
    "phone": 3333333333,
    "name": "plkm",
    "id": 110
  },
  {
    "gender": "Male",
    "phone": 1234567891230,
    "name": "Jiu Master",
    "id": 111
  },
  {
    "gender": "Male",
    "phone": 1234567891270,
    "name": "Mustafa",
    "id": 112
  },
  {
    "gender": "Male",
    "phone": 12345788999,
    "name": "Posty",
    "id": 113
  },
  {
    "gender": "Female",
    "phone": 1235688999,
    "name": "Omar",
    "id": 114
  },
  {
    "gender": "Male",
    "phone": 234512312412,
    "name": "Karate Master",
    "id": 288
  },
  {
    "gender": "Male",
    "phone": 234512312412,
    "name": "John Malkovich",
    "id": 289
  },
  {
    "gender": "Male",
    "phone": 234512312412,
    "name": "Karate Master",
    "id": 290
  },
  {
    "gender": "Male",
    "phone": 234512312412,
    "name": "Karate Master",
    "id": 291
  },
  {
    "gender": "Male",
    "phone": 234512312412,
    "name": "John Malkovich",
    "id": 292
  },
  {
    "gender": "Male",
    "phone": 734517317417,
    "name": "Karate Kamil",
    "id": 293
  },
  {
    "gender": "Male",
    "phone": 1234567890,
    "name": "JiuJitsu Master",
    "id": 123
  },
  {
    "gender": "Male",
    "phone": 234512312412,
    "name": "JiuJitsu Master",
    "id": 124
  },
  {
    "gender": "Female",
    "phone": 1234567890,
    "name": "JiuJitsu Master",
    "id": 125
  },
  {
    "gender": "Male",
    "phone": 234512312412,
    "name": "Karate Master",
    "id": 126
  },
  {
    "gender": "Male",
    "phone": 234512312412,
    "name": "Karate Master",
    "id": 294
  },
  {
    "gender": "Male",
    "phone": 3334389076,
    "name": "Irina",
    "id": 295
  },
  {
    "gender": "Male",
    "phone": 234512312412,
    "name": "Karate Master",
    "id": 129
  },
  {
    "gender": "Male",
    "phone": 234512312412,
    "name": "Karate Master",
    "id": 130
  },
  {
    "gender": "Male",
    "phone": 234512312412,
    "name": "Karate Master",
    "id": 131
  },
  {
    "gender": "Male",
    "phone": 234512312412,
    "name": "Karate Master",
    "id": 132
  },
  {
    "gender": "Male",
    "phone": 234512312412,
    "name": "Karate Master",
    "id": 133
  },
  {
    "gender": "Male",
    "phone": 234512312412,
    "name": "Karate Master",
    "id": 134
  },
  {
    "gender": "Male",
    "phone": 234512312412,
    "name": "John Malkovich",
    "id": 296
  },
  {
    "gender": "Male",
    "phone": 234512312412,
    "name": "Karate Master",
    "id": 136
  },
  {
    "gender": "Male",
    "phone": 234512312412,
    "name": "Karate Master",
    "id": 297
  },
  {
    "gender": "Male",
    "phone": 234512312412,
    "name": "Karate Master",
    "id": 138
  },
  {
    "gender": "Male",
    "phone": 234512312412,
    "name": "Karate Master",
    "id": 139
  },
  {
    "gender": "Male",
    "phone": 234512312412,
    "name": "Karate Master",
    "id": 140
  },
  {
    "gender": "Male",
    "phone": 234512312412,
    "name": "Karate Master",
    "id": 141
  },
  {
    "gender": "Female",
    "phone": 234512312415,
    "name": "Karate Women",
    "id": 142
  },
  {
    "gender": "Male",
    "phone": 234512312412,
    "name": "Karate Master",
    "id": 143
  },
  {
    "gender": "Male",
    "phone": 234512312412,
    "name": "Karate Master",
    "id": 144
  },
  {
    "gender": "Male",
    "phone": 234512312412,
    "name": "Karate Master",
    "id": 145
  },
  {
    "gender": "Male",
    "phone": 4218171348,
    "name": "The End",
    "id": 146
  },
  {
    "gender": "Male",
    "phone": 2345123122354,
    "name": "ValidatorM",
    "id": 147
  },
  {
    "gender": "Male",
    "phone": 234512312412,
    "name": "Karate Master X",
    "id": 148
  },
  {
    "gender": "Male",
    "phone": 234512312412,
    "name": "Karate Master",
    "id": 298
  },
  {
    "gender": "Male",
    "phone": 234512312412,
    "name": "Karate Master",
    "id": 150
  },
  {
    "gender": "Male",
    "phone": 234512312412,
    "name": "Karate Mast",
    "id": 299
  },
  {
    "gender": "Male",
    "phone": 1230986789,
    "name": "Marate Kaster",
    "id": 152
  },
  {
    "gender": "Male",
    "phone": 234512312412,
    "name": "Karate Master",
    "id": 300
  },
  {
    "gender": "Male",
    "phone": 234512312412,
    "name": "Karate Master",
    "id": 154
  },
  {
    "gender": "Male",
    "phone": 234512312412,
    "name": "Karate Master",
    "id": 155
  },
  {
    "gender": "Male",
    "phone": 234512312412,
    "name": "Karate Master",
    "id": 156
  },
  {
    "gender": "Male",
    "phone": 424142415451,
    "name": "Karate Kid",
    "id": 157
  },
  {
    "gender": "Male",
    "phone": 234512312412,
    "name": "Karate Master",
    "id": 158
  },
  {
    "gender": "Male",
    "phone": 234512312412,
    "name": "Karate Master",
    "id": 301
  },
  {
    "gender": "Male",
    "phone": 234512312412,
    "name": "Karate Master",
    "id": 160
  },
  {
    "gender": "Male",
    "phone": 234512312412,
    "name": "Karate Master X",
    "id": 161
  },
  {
    "gender": "Male",
    "phone": 234512312412,
    "name": "Aidar Jumaev",
    "id": 302
  },
  {
    "gender": "Male",
    "phone": 616141234451,
    "name": "Karate king",
    "id": 163
  },
  {
    "gender": "Male",
    "phone": 234512312412,
    "name": "Karate Master",
    "id": 164
  },
  {
    "gender": "Male",
    "phone": 234512312412,
    "name": "Irina ",
    "id": 165
  },
  {
    "gender": "Male",
    "phone": 234512312412,
    "name": "Karate Master",
    "id": 303
  },
  {
    "gender": "Male",
    "phone": 234512312412,
    "name": "Karate Master",
    "id": 167
  },
  {
    "gender": "Male",
    "phone": 234512312411,
    "name": "Karate Master2",
    "id": 168
  },
  {
    "gender": "Male",
    "phone": 234512312412,
    "name": "Karate Master",
    "id": 304
  },
  {
    "gender": "Male",
    "phone": 234512312412,
    "name": "Karate Master",
    "id": 170
  },
  {
    "gender": "Male",
    "phone": 234512312411,
    "name": "Karate Master",
    "id": 171
  },
  {
    "gender": "Male",
    "phone": 234512312412,
    "name": "Karate Master X",
    "id": 172
  },
  {
    "gender": "Male",
    "phone": 234512312411,
    "name": "Karate Kind",
    "id": 173
  },
  {
    "gender": "Male",
    "phone": 234512312411,
    "name": "Karate Kid",
    "id": 174
  },
  {
    "gender": "Female",
    "phone": 234512312412,
    "name": "Nese Seyma",
    "id": 175
  },
  {
    "gender": "Female",
    "phone": 234512312412,
    "name": "Karate Master",
    "id": 176
  },
  {
    "gender": "Male",
    "phone": 234512312412,
    "name": "Pupok Pupkin ",
    "id": 177
  },
  {
    "gender": "Male",
    "phone": 234512312412,
    "name": "Karate Master",
    "id": 309
  },
  {
    "gender": "Male",
    "phone": 234512312412,
    "name": "Karate Master",
    "id": 306
  },
  {
    "gender": "Male",
    "phone": 234512312412,
    "name": "Karate Master",
    "id": 180
  },
  {
    "gender": "Male",
    "phone": 234512312412,
    "name": "Karate Master",
    "id": 181
  },
  {
    "gender": "Male",
    "phone": 234512312412,
    "name": "Karate Master",
    "id": 182
  },
  {
    "gender": "Female",
    "phone": 234512312412,
    "name": "Jiujitsu Master",
    "id": 183
  },
  {
    "gender": "Male",
    "phone": 234512312412,
    "name": "Karate Master",
    "id": 184
  },
  {
    "gender": "Male",
    "phone": 234512312412,
    "name": "Karate Master",
    "id": 307
  },
  {
    "gender": "Male",
    "phone": 56743689326,
    "name": "Pelmena Smasom",
    "id": 186
  },
  {
    "gender": "Female",
    "phone": 11145688899,
    "name": "Elizabeth",
    "id": 187
  },
  {
    "gender": "Male",
    "phone": 1230986789,
    "name": "Marate Kaster",
    "id": 308
  },
  {
    "gender": "Male",
    "phone": 234512312412,
    "name": "Karate Master",
    "id": 310
  },
  {
    "gender": "Female",
    "phone": 234512312412,
    "name": "Karate Master",
    "id": 190
  },
  {
    "gender": "Male",
    "phone": 234512312412,
    "name": "Karate Master",
    "id": 191
  },
  {
    "gender": "Male",
    "phone": 234512312412,
    "name": "Karate Master",
    "id": 192
  },
  {
    "gender": "Female",
    "phone": 234512312412,
    "name": "Karate Master",
    "id": 193
  },
  {
    "gender": "Male",
    "phone": 234512312412,
    "name": "Karate Master",
    "id": 194
  },
  {
    "gender": "Male",
    "phone": 234512312412,
    "name": "Karate Master",
    "id": 195
  },
  {
    "gender": "Male",
    "phone": 234512312412,
    "name": "Karate Master",
    "id": 196
  },
  {
    "gender": "Male",
    "phone": 234512312412,
    "name": "Karate Master",
    "id": 197
  },
  {
    "gender": "Male",
    "phone": 234512312412,
    "name": "Karate Master",
    "id": 198
  },
  {
    "gender": "Male",
    "phone": 234512312412,
    "name": "Karate Master",
    "id": 311
  },
  {
    "gender": "Male",
    "phone": 234512312412,
    "name": "Karate Master",
    "id": 312
  },
  {
    "gender": "Female",
    "phone": 234512312412,
    "name": "Karate Master",
    "id": 313
  },
  {
    "gender": "Male",
    "phone": 234512312412,
    "name": "Karate Master",
    "id": 314
  },
  {
    "gender": "Male",
    "phone": 234512312412,
    "name": "Karate Master",
    "id": 315
  },
  {
    "gender": "Female",
    "phone": 234512312412,
    "name": "Karate Master",
    "id": 316
  },
  {
    "gender": "Male",
    "phone": 234512312412,
    "name": "Karate Master",
    "id": 317
  },
  {
    "gender": "Male",
    "phone": 234512312412,
    "name": "Karate Master",
    "id": 318
  },
  {
    "gender": "Male",
    "phone": 234512312412,
    "name": "Karate Master",
    "id": 319
  },
  {
    "gender": "Male",
    "phone": 234512312412,
    "name": "Karate Master",
    "id": 320
  },
  {
    "gender": "Male",
    "phone": 234512312412,
    "name": "Karate Master",
    "id": 321
  },
  {
    "gender": "Male",
    "phone": 234512312412,
    "name": "Karate Master",
    "id": 322
  },
  {
    "gender": "Male",
    "phone": 234512312412,
    "name": "Karate Master",
    "id": 323
  },
  {
    "gender": "Male",
    "phone": 234512312412,
    "name": "Karate Master",
    "id": 324
  },
  {
    "gender": "Male",
    "phone": 234512312412,
    "name": "Karate Master",
    "id": 325
  },
  {
    "gender": "Male",
    "phone": 234512312412,
    "name": "Karate Master",
    "id": 326
  },
  {
    "gender": "Male",
    "phone": 234512312412,
    "name": "Karate Master",
    "id": 327
  },
  {
    "gender": "Male",
    "phone": 234512312412,
    "name": "Karate Master",
    "id": 328
  },
  {
    "gender": "Male",
    "phone": 234512312412,
    "name": "Karate Master",
    "id": 329
  },
  {
    "gender": "Male",
    "phone": 234512312412,
    "name": "Karate Master",
    "id": 330
  },
  {
    "gender": "Female",
    "phone": 234512312415,
    "name": "Karate Women",
    "id": 331
  },
  {
    "gender": "Male",
    "phone": 234512312412,
    "name": "Karate Master",
    "id": 332
  },
  {
    "gender": "Male",
    "phone": 1234566789,
    "name": "Jack",
    "id": 333
  },
  {
    "gender": "Female",
    "phone": 1236547891,
    "name": "Marry",
    "id": 334
  },
  {
    "gender": "Male",
    "phone": 123112312312,
    "name": "Nursultan",
    "id": 104
  },
  {
    "gender": "Male",
    "phone": 234512312412,
    "name": "Karate Master",
    "id": 227
  },
  {
    "gender": "Female",
    "phone": 5143456978,
    "name": "Masha",
    "id": 106
  },
  {
    "gender": "Male",
    "phone": 2025468965,
    "name": "Maximus",
    "id": 109
  },
  {
    "gender": "Male",
    "phone": 234512312412,
    "name": "Karate Master",
    "id": 220
  },
  {
    "gender": "Male",
    "phone": 3584128233,
    "name": "Mali",
    "id": 102
  },
  {
    "gender": "Male",
    "phone": 3584128233,
    "name": "Mali",
    "id": 103
  },
  {
    "gender": "Male",
    "phone": 234512312412,
    "name": "Karate Master",
    "id": 219
  },
  {
    "gender": "Male",
    "phone": 234512312412,
    "name": "Carl",
    "id": 202
  },
  {
    "gender": "Male",
    "phone": 234512312412,
    "name": "Karate Master",
    "id": 211
  },
  {
    "gender": "Male",
    "phone": 123456789987,
    "name": "Some Dude",
    "id": 204
  },
  {
    "gender": "Male",
    "phone": 234512312412,
    "name": "Karate Master",
    "id": 224
  },
  {
    "gender": "Male",
    "phone": 234512312412,
    "name": "Karate Master",
    "id": 218
  },
  {
    "gender": "Male",
    "phone": 234512312412,
    "name": "Karate Master",
    "id": 207
  },
  {
    "gender": "Male",
    "phone": 234512312412,
    "name": "Karate Master",
    "id": 245
  },
  {
    "gender": "Male",
    "phone": 234512312412,
    "name": "Karate Master",
    "id": 209
  },
  {
    "gender": "Male",
    "phone": 234512312412,
    "name": "Karate Master",
    "id": 335
  },
  {
    "gender": "Male",
    "phone": 234512312412,
    "name": "Karate Master",
    "id": 212
  },
  {
    "gender": "Male",
    "phone": 1234567898,
    "name": "Karate Master",
    "id": 213
  },
  {
    "gender": "Male",
    "phone": 234512312412,
    "name": "Karate Master",
    "id": 214
  },
  {
    "gender": "Male",
    "phone": 234512312412,
    "name": "Karate Master",
    "id": 215
  },
  {
    "gender": "Male",
    "phone": 234512312412,
    "name": "Karate Master",
    "id": 216
  },
  {
    "gender": "Male",
    "phone": 56743689326,
    "name": "Kukuniya",
    "id": 217
  },
  {
    "gender": "Male",
    "phone": 234512312412,
    "name": "Karate Master",
    "id": 222
  },
  {
    "gender": "Male",
    "phone": 234512312412,
    "name": "Karate Master",
    "id": 223
  },
  {
    "gender": "Male",
    "phone": 234512312412,
    "name": "Karate Master",
    "id": 225
  },
  {
    "gender": "Male",
    "phone": 234512312412,
    "name": "Karate Master",
    "id": 226
  },
  {
    "gender": "Male",
    "phone": 234512312412,
    "name": "Karate Master",
    "id": 228
  },
  {
    "gender": "Male",
    "phone": 234512312412,
    "name": "Karate Master",
    "id": 229
  },
  {
    "gender": "Male",
    "phone": 234512312412,
    "name": "Karate Master",
    "id": 230
  },
  {
    "gender": "Male",
    "phone": 234512312412,
    "name": "Karate Master",
    "id": 231
  },
  {
    "gender": "Male",
    "phone": 1234567890,
    "name": "Karate Master",
    "id": 232
  },
  {
    "gender": "Male",
    "phone": 234512312412,
    "name": "Karate Master",
    "id": 233
  },
  {
    "gender": "Male",
    "phone": 234512312412,
    "name": "Karate Master",
    "id": 234
  },
  {
    "gender": "Male",
    "phone": 234512312412,
    "name": "Karate Master",
    "id": 235
  },
  {
    "gender": "Male",
    "phone": 234512312412,
    "name": "Karate Master",
    "id": 237
  },
  {
    "gender": "Male",
    "phone": 234512312412,
    "name": "Karate Master",
    "id": 238
  },
  {
    "gender": "Male",
    "phone": 234512312412,
    "name": "Karate Master",
    "id": 239
  },
  {
    "gender": "Male",
    "phone": 234512312412,
    "name": "Karate Master",
    "id": 240
  },
  {
    "gender": "Male",
    "phone": 234512312412,
    "name": "Karate Master",
    "id": 242
  },
  {
    "gender": "Male",
    "phone": 3334389076,
    "name": "Irina",
    "id": 243
  },
  {
    "gender": "Male",
    "phone": 234512312412,
    "name": "Karate Aidar",
    "id": 246
  },
  {
    "gender": "Male",
    "phone": 234512312412,
    "name": "Karate Master",
    "id": 247
  },
  {
    "gender": "Male",
    "phone": 234512312412,
    "name": "Karate Master",
    "id": 248
  },
  {
    "gender": "Male",
    "phone": 234512312412,
    "name": "Karate Master",
    "id": 336
  },
  {
    "gender": "Male",
    "phone": 234512312412,
    "name": "Georgia",
    "id": 250
  },
  {
    "gender": "Male",
    "phone": 234512312412,
    "name": "Karate Master",
    "id": 263
  },
  {
    "gender": "Male",
    "phone": 2313445115,
    "name": "Karate Master",
    "id": 265
  },
  {
    "gender": "Male",
    "phone": 234512312412,
    "name": "Karate Master",
    "id": 266
  },
  {
    "gender": "Male",
    "phone": 234512312411,
    "name": "Karate Kid",
    "id": 337
  },
  {
    "gender": "Male",
    "phone": 234512312412,
    "name": "Karate Master",
    "id": 338
  },
  {
    "gender": "Male",
    "phone": 234512312412,
    "name": "Karate Master",
    "id": 339
  },
  {
    "gender": "Male",
    "phone": 60616162626,
    "name": "Karate Kid 1",
    "id": 340
  },
  {
    "gender": "Male",
    "phone": 234512312411,
    "name": "Karate Kid",
    "id": 341
  },
  {
    "gender": "Male",
    "phone": 234512312412,
    "name": "Karate Master",
    "id": 342
  },
  {
    "gender": "Male",
    "phone": 234512312412,
    "name": "Karate Master",
    "id": 343
  },
  {
    "gender": "Female",
    "phone": 234512312412,
    "name": "Karate Master",
    "id": 420
  },
  {
    "gender": "Male",
    "phone": 234512312412,
    "name": "Karate Master",
    "id": 345
  },
  {
    "gender": "Male",
    "phone": 234512312412,
    "name": "Karate Master",
    "id": 346
  },
  {
    "gender": "Male",
    "phone": 234512312412,
    "name": "Karate Master",
    "id": 347
  },
  {
    "gender": "Male",
    "phone": 234512312412,
    "name": "Karate Master",
    "id": 348
  },
  {
    "gender": "Male",
    "phone": 234512312412,
    "name": "Carl",
    "id": 349
  },
  {
    "gender": "Male",
    "phone": 1234566789,
    "name": "Jack",
    "id": 350
  },
  {
    "gender": "Female",
    "phone": 1236547891,
    "name": "Marry",
    "id": 351
  },
  {
    "gender": "Male",
    "phone": 12345667894,
    "name": "Jack",
    "id": 352
  },
  {
    "gender": "Female",
    "phone": 12365478917,
    "name": "Marry",
    "id": 353
  },
  {
    "gender": "Female",
    "phone": 45521221212,
    "name": "Alex T",
    "id": 354
  },
  {
    "gender": "Male",
    "phone": 234512312412,
    "name": "Karate Master",
    "id": 355
  },
  {
    "gender": "Male",
    "phone": 234512312412,
    "name": "Karate Master",
    "id": 418
  },
  {
    "gender": "Male",
    "phone": 3455453523523,
    "name": "Vasilius",
    "id": 482
  },
  {
    "gender": "Male",
    "phone": 2324993990033,
    "name": "Aidar",
    "id": 484
  },
  {
    "gender": "Male",
    "phone": 231241212412,
    "name": "Karate Master",
    "id": 486
  },
  {
    "gender": "Female",
    "phone": 234512312412,
    "name": "Jiujitsu Master",
    "id": 488
  },
  {
    "gender": "Male",
    "phone": 78965412565,
    "name": "King Metin",
    "id": 487
  },
  {
    "gender": "Male",
    "phone": 231241212412,
    "name": "Karate Master",
    "id": 489
  },
  {
    "gender": "Male",
    "phone": 231241212412,
    "name": "Karate Master",
    "id": 499
  },
  {
    "gender": "Male",
    "phone": 231241212412,
    "name": "Karate Master",
    "id": 491
  },
  {
    "gender": "Female",
    "phone": 1234567892,
    "name": "Karate Women",
    "id": 492
  },
  {
    "gender": "Male",
    "phone": 2324993990033,
    "name": "Aidar",
    "id": 494
  },
  {
    "gender": "Male",
    "phone": 231241212412,
    "name": "Karate Master",
    "id": 495
  },
  {
    "gender": "Male",
    "phone": 231241212412,
    "name": "Karate Master",
    "id": 497
  },
  {
    "gender": "Male",
    "phone": 231241212412,
    "name": "Karate Master",
    "id": 501
  },
  {
    "gender": "Male",
    "phone": 234512312412,
    "name": "Karate Master",
    "id": 505
  },
  {
    "gender": "Male",
    "phone": 234512312412,
    "name": "Karate Master",
    "id": 502
  },
  {
    "gender": "Male",
    "phone": 231241212412,
    "name": "Karate Master",
    "id": 507
  },
  {
    "gender": "Male",
    "phone": 231241212412,
    "name": "Java Master",
    "id": 509
  },
  {
    "gender": "Female",
    "phone": 234234234234,
    "name": "Irina",
    "id": 517
  },
  {
    "gender": "Female",
    "phone": 21389423421,
    "name": "Jiujitsu Master",
    "id": 512
  },
  {
    "gender": "Male",
    "phone": 1234567898,
    "name": "Karate Master",
    "id": 515
  },
  {
    "gender": "Male",
    "phone": 121314151617,
    "name": "Karate King",
    "id": 516
  },
  {
    "gender": "Male",
    "phone": 231241212412,
    "name": "Karate Master",
    "id": 518
  },
  {
    "gender": "Male",
    "phone": 12345678931,
    "name": "Karate Master",
    "id": 531
  },
  {
    "gender": "Male",
    "phone": 231241212412,
    "name": "Karate Master",
    "id": 520
  },
  {
    "gender": "Male",
    "phone": 231241212412,
    "name": "Karate Master",
    "id": 523
  },
  {
    "gender": "Male",
    "phone": 234512312412,
    "name": "Karate Master",
    "id": 526
  },
  {
    "gender": "Male",
    "phone": 231241212412,
    "name": "Karate Master",
    "id": 527
  },
  {
    "gender": "Male",
    "phone": 12347890423,
    "name": "Jiujiutsu women",
    "id": 540
  },
  {
    "gender": "Male",
    "phone": 231241212412,
    "name": "Karate Master",
    "id": 532
  },
  {
    "gender": "Male",
    "phone": 231241212412,
    "name": "Karate Master",
    "id": 533
  },
  {
    "gender": "Male",
    "phone": 231241212412,
    "name": "Karate Master",
    "id": 535
  },
  {
    "gender": "Male",
    "phone": 78965412565,
    "name": "King Metin",
    "id": 536
  },
  {
    "gender": "Female",
    "phone": 9087124567,
    "name": "Marate Kaster",
    "id": 538
  },
  {
    "gender": "Male",
    "phone": 12342378150,
    "name": "VasilJAAAAN",
    "id": 539
  },
  {
    "gender": "Male",
    "phone": 231241212412,
    "name": "Karate Master",
    "id": 543
  },
  {
    "gender": "Male",
    "phone": 231241212412,
    "name": "Karate Master",
    "id": 545
  },
  {
    "gender": "Male",
    "phone": 231241212412,
    "name": "Karate Master",
    "id": 561
  },
  {
    "gender": "Male",
    "phone": 231241212412,
    "name": "Karate Master",
    "id": 546
  },
  {
    "gender": "Female",
    "phone": 45521221212,
    "name": "Alex T",
    "id": 548
  },
  {
    "gender": "Male",
    "phone": 231241212412,
    "name": "Jiujitsu Master",
    "id": 551
  },
  {
    "gender": "Male",
    "phone": 12345678933,
    "name": "Karate Master",
    "id": 554
  },
  {
    "gender": "Female",
    "phone": 231241212412,
    "name": "JonJun Master",
    "id": 559
  },
  {
    "gender": "Male",
    "phone": 231241212412,
    "name": "Karate Master",
    "id": 563
  },
  {
    "gender": "Female",
    "phone": 231241212412,
    "name": "Busra",
    "id": 565
  },
  {
    "gender": "Female",
    "phone": 231241212412,
    "name": "Jiujitsu Master",
    "id": 567
  },
  {
    "gender": "Male",
    "phone": 231241212412,
    "name": "Karate Master",
    "id": 992
  },
  {
    "gender": "Male",
    "phone": 231241212412,
    "name": "Karate Master",
    "id": 986
  },
  {
    "gender": "Male",
    "phone": 231241212412,
    "name": "Karate Master",
    "id": 996
  },
  {
    "gender": "Female",
    "phone": 234512312412,
    "name": "Karate Master",
    "id": 982
  },
  {
    "gender": "Male",
    "phone": 231241212412,
    "name": "Karate Master",
    "id": 988
  },
  {
    "gender": "Male",
    "phone": 231241212412,
    "name": "Karate Master",
    "id": 990
  },
  {
    "gender": "Male",
    "phone": 234512312412,
    "name": "Karate Master",
    "id": 991
  },
  {
    "gender": "Male",
    "phone": 231241212412,
    "name": "Karate Master",
    "id": 994
  },
  {
    "gender": "Male",
    "phone": 231241212412,
    "name": "Karate Master",
    "id": 997
  },
  {
    "gender": "Male",
    "phone": 231241212412,
    "name": "Karate Master",
    "id": 960
  },
  {
    "gender": "Female",
    "phone": 234234234234,
    "name": "Dior",
    "id": 977
  },
  {
    "gender": "Male",
    "phone": 234512312412,
    "name": "Karate Master",
    "id": 984
  },
  {
    "gender": "Male",
    "phone": 2312412124,
    "name": "Karate Master",
    "id": 953
  },
  {
    "gender": "Male",
    "phone": 231241212412,
    "name": "Karate Master",
    "id": 951
  },
  {
    "gender": "Male",
    "phone": 1234567898,
    "name": "Karate Master",
    "id": 952
  },
  {
    "gender": "Male",
    "phone": 231241212412,
    "name": "Karate Master",
    "id": 957
  },
  {
    "gender": "Male",
    "phone": 231241212412,
    "name": "Karate Master",
    "id": 955
  },
  {
    "gender": "Male",
    "phone": 231241212412,
    "name": "Karate Master",
    "id": 963
  },
  {
    "gender": "Male",
    "phone": 231241212412,
    "name": "Karate Master",
    "id": 967
  },
  {
    "gender": "Female",
    "phone": 369241212412,
    "name": "Karate Kitty",
    "id": 962
  },
  {
    "gender": "Male",
    "phone": 231241212412,
    "name": "Karate Master",
    "id": 965
  },
  {
    "gender": "Male",
    "phone": 231241212412,
    "name": "Karate Master",
    "id": 969
  },
  {
    "gender": "Male",
    "phone": 231241212412,
    "name": "Karate Master",
    "id": 971
  },
  {
    "gender": "Female",
    "phone": 234234234234,
    "name": "Dior",
    "id": 973
  },
  {
    "gender": "Male",
    "phone": 231241212412,
    "name": "Karate Master",
    "id": 975
  },
  {
    "gender": "Male",
    "phone": 231241212412,
    "name": "Karate Master",
    "id": 981
  },
  {
    "gender": "Male",
    "phone": 231241212412,
    "name": "Karate Master",
    "id": 979
  }
]

