09:26:47.068 karate.env system property was:  
09:26:48.055 [print] {
  "Metascore": "N/A",
  "BoxOffice": "N/A",
  "Website": "N/A",
  "imdbRating": "6.4",
  "imdbVotes": "47",
  "Ratings": [
    {
      "Value": "6.4/10",
      "Source": "Internet Movie Database"
    }
  ],
  "Runtime": "127 min",
  "Language": "Hindi",
  "Rated": "N/A",
  "Production": "N/A",
  "Released": "09 Dec 1983",
  "imdbID": "tt0361793",
  "Plot": "A scientist creates a diamond that can focus sun-rays to burn through anything. The villain, in a bid to get the diamond, kills the scientist. The scientist's karate-learning sons, Desh and...",
  "Director": "Deb Mukherjee",
  "Title": "Karate",
  "Actors": "Mithun Chakraborty, Deb Mukherjee, Kaajal Kiran, Yogeeta Bali",
  "Response": "True",
  "Type": "movie",
  "Awards": "N/A",
  "DVD": "N/A",
  "Year": "1983",
  "Poster": "https://m.media-amazon.com/images/M/MV5BNDQzNDRiMTMtM2FlOC00YjZiLTk0YTAtMDM5M2FmMjEwM2U5XkEyXkFqcGdeQXVyMTEzNjA2NzM@._V1_SX300.jpg",
  "Country": "India",
  "Genre": "Action, Drama, Musical, Romance",
  "Writer": "Dinesh Thakkar (idea), S.H. Bihari (idea), S.H. Bihari (dialogue), Debanshu Mukherjee (story and screenplay)"
}

09:26:48.117 karate.env system property was:  
09:26:48.291 [print] {
  "country": "United States",
  "places": [
    {
      "latitude": "26.2674",
      "state": "Florida",
      "state abbreviation": "FL",
      "place name": "Pompano Beach",
      "longitude": "-80.2092"
    }
  ],
  "country abbreviation": "US",
  "post code": "33063"
}

